<?xml version="1.0" encoding="UTF-8"?>
<!-- Generated by org.testng.reporters.JUnitReportReporter -->
<testsuite hostname="sudhakar-PC" failures="0" tests="1" name="MercuryData.Test8" time="98.665" errors="0" timestamp="01 Feb 2019 05:07:08 GMT" skipped="0">
  <testcase classname="MercuryData.Test8" name="DatadrivenTest" time="98.665"/>
</testsuite> <!-- MercuryData.Test8 -->
